<?xml version="1.0" encoding="UTF-8"?>
<Site BuildName="(empty)"
	BuildStamp="20251210-1413-Experimental"
	Name="(empty)"
	Generator="ctest-3.31.5"
	CompilerName=""
	CompilerVersion=""
	OSName="Windows"
	Hostname="LAPTOP-GB56JUHE"
	OSRelease=" Personal"
	OSVersion=" (Build 9200)"
	OSPlatform="AMD64"
	Is64Bits="1"
	VendorString=""
	VendorID="Unknown Manufacturer"
	FamilyID="0"
	ModelID="0"
	ModelName=""
	ProcessorCacheSize="0"
	NumberOfLogicalCPU="20"
	NumberOfPhysicalCPU="14"
	TotalVirtualMemory="34540"
	TotalPhysicalMemory="32492"
	LogicalProcessorsPerPhysical="1"
	ProcessorClockFrequency="2995"
	>
	<Testing>
		<StartDateTime>Dec 10 22:13 [NON-UTF-8-BYTE-0xD6]й[NON-UTF-8-BYTE-0xFA][NON-UTF-8-BYTE-0xB1][NON-UTF-8-BYTE-0xEA]׼ʱ[NON-UTF-8-BYTE-0xBC][NON-UTF-8-BYTE-0xE4]</StartDateTime>
		<StartTestTime>1765375998</StartTestTime>
		<TestList/>
		<EndDateTime>Dec 10 22:13 [NON-UTF-8-BYTE-0xD6]й[NON-UTF-8-BYTE-0xFA][NON-UTF-8-BYTE-0xB1][NON-UTF-8-BYTE-0xEA]׼ʱ[NON-UTF-8-BYTE-0xBC][NON-UTF-8-BYTE-0xE4]</EndDateTime>
		<EndTestTime>1765375998</EndTestTime>
		<ElapsedMinutes>0</ElapsedMinutes>
	</Testing>
</Site>
